<?xml version="1.0" encoding="UTF-8"?>
<testsuite name="com.kkirby.springboot.web.HelloControllerTest" tests="2" skipped="0" failures="0" errors="0" timestamp="2022-08-18T14:33:22" hostname="DESKTOP-HPIPUK4" time="1.377">
  <properties/>
  <testcase name="HelloDto가_리턴()" classname="com.kkirby.springboot.web.HelloControllerTest" time="1.341"/>
  <testcase name="Hello가_리턴()" classname="com.kkirby.springboot.web.HelloControllerTest" time="0.021"/>
  <system-out><![CDATA[23:33:17.569 [Test worker] DEBUG org.springframework.test.context.BootstrapUtils - Instantiating CacheAwareContextLoaderDelegate from class [org.springframework.test.context.cache.DefaultCacheAwareContextLoaderDelegate]
23:33:17.585 [Test worker] DEBUG org.springframework.test.context.BootstrapUtils - Instantiating BootstrapContext using constructor [public org.springframework.test.context.support.DefaultBootstrapContext(java.lang.Class,org.springframework.test.context.CacheAwareContextLoaderDelegate)]
23:33:17.648 [Test worker] DEBUG org.springframework.test.context.BootstrapUtils - Instantiating TestContextBootstrapper for test class [com.kkirby.springboot.web.HelloControllerTest] from class [org.springframework.boot.test.autoconfigure.web.servlet.WebMvcTestContextBootstrapper]
23:33:17.667 [Test worker] INFO org.springframework.boot.test.autoconfigure.web.servlet.WebMvcTestContextBootstrapper - Neither @ContextConfiguration nor @ContextHierarchy found for test class [com.kkirby.springboot.web.HelloControllerTest], using SpringBootContextLoader
23:33:17.673 [Test worker] DEBUG org.springframework.test.context.support.AbstractContextLoader - Did not detect default resource location for test class [com.kkirby.springboot.web.HelloControllerTest]: class path resource [com/kkirby/springboot/web/HelloControllerTest-context.xml] does not exist
23:33:17.674 [Test worker] DEBUG org.springframework.test.context.support.AbstractContextLoader - Did not detect default resource location for test class [com.kkirby.springboot.web.HelloControllerTest]: class path resource [com/kkirby/springboot/web/HelloControllerTestContext.groovy] does not exist
23:33:17.675 [Test worker] INFO org.springframework.test.context.support.AbstractContextLoader - Could not detect default resource locations for test class [com.kkirby.springboot.web.HelloControllerTest]: no resource found for suffixes {-context.xml, Context.groovy}.
23:33:17.676 [Test worker] INFO org.springframework.test.context.support.AnnotationConfigContextLoaderUtils - Could not detect default configuration classes for test class [com.kkirby.springboot.web.HelloControllerTest]: HelloControllerTest does not declare any static, non-private, non-final, nested classes annotated with @Configuration.
23:33:17.785 [Test worker] DEBUG org.springframework.test.context.support.ActiveProfilesUtils - Could not find an 'annotation declaring class' for annotation type [org.springframework.test.context.ActiveProfiles] and class [com.kkirby.springboot.web.HelloControllerTest]
23:33:17.892 [Test worker] DEBUG org.springframework.context.annotation.ClassPathScanningCandidateComponentProvider - Identified candidate component class: file [C:\Git\SpringStudy\springboot-web\build\classes\java\main\com\kkirby\springboot\Application.class]
23:33:17.901 [Test worker] INFO org.springframework.boot.test.context.SpringBootTestContextBootstrapper - Found @SpringBootConfiguration com.kkirby.springboot.Application for test class com.kkirby.springboot.web.HelloControllerTest
23:33:17.904 [Test worker] DEBUG org.springframework.boot.test.autoconfigure.web.servlet.WebMvcTestContextBootstrapper - @TestExecutionListeners is not present for class [com.kkirby.springboot.web.HelloControllerTest]: using defaults.
23:33:17.905 [Test worker] INFO org.springframework.boot.test.autoconfigure.web.servlet.WebMvcTestContextBootstrapper - Loaded default TestExecutionListener class names from location [META-INF/spring.factories]: [org.springframework.security.test.context.support.WithSecurityContextTestExecutionListener, org.springframework.security.test.context.support.ReactorContextTestExecutionListener, org.springframework.boot.test.autoconfigure.restdocs.RestDocsTestExecutionListener, org.springframework.boot.test.autoconfigure.web.client.MockRestServiceServerResetTestExecutionListener, org.springframework.boot.test.autoconfigure.web.servlet.MockMvcPrintOnlyOnFailureTestExecutionListener, org.springframework.boot.test.autoconfigure.web.servlet.WebDriverTestExecutionListener, org.springframework.boot.test.autoconfigure.webservices.client.MockWebServiceServerTestExecutionListener, org.springframework.boot.test.mock.mockito.MockitoTestExecutionListener, org.springframework.boot.test.mock.mockito.ResetMocksTestExecutionListener, org.springframework.test.context.web.ServletTestExecutionListener, org.springframework.test.context.support.DirtiesContextBeforeModesTestExecutionListener, org.springframework.test.context.event.ApplicationEventsTestExecutionListener, org.springframework.test.context.support.DependencyInjectionTestExecutionListener, org.springframework.test.context.support.DirtiesContextTestExecutionListener, org.springframework.test.context.transaction.TransactionalTestExecutionListener, org.springframework.test.context.jdbc.SqlScriptsTestExecutionListener, org.springframework.test.context.event.EventPublishingTestExecutionListener]
23:33:17.932 [Test worker] INFO org.springframework.boot.test.autoconfigure.web.servlet.WebMvcTestContextBootstrapper - Using TestExecutionListeners: [org.springframework.test.context.web.ServletTestExecutionListener@311a7f44, org.springframework.test.context.support.DirtiesContextBeforeModesTestExecutionListener@35574d9e, org.springframework.test.context.event.ApplicationEventsTestExecutionListener@b174bcc, org.springframework.boot.test.mock.mockito.MockitoTestExecutionListener@1888b10e, org.springframework.boot.test.autoconfigure.SpringBootDependencyInjectionTestExecutionListener@7a0a0d04, org.springframework.test.context.support.DirtiesContextTestExecutionListener@75be8466, org.springframework.test.context.transaction.TransactionalTestExecutionListener@4446f836, org.springframework.test.context.jdbc.SqlScriptsTestExecutionListener@191b3171, org.springframework.security.test.context.support.WithSecurityContextTestExecutionListener@33537d7b, org.springframework.test.context.event.EventPublishingTestExecutionListener@32cf52c3, org.springframework.security.test.context.support.ReactorContextTestExecutionListener@413b9be4, org.springframework.boot.test.autoconfigure.restdocs.RestDocsTestExecutionListener@16bba0b, org.springframework.boot.test.autoconfigure.web.client.MockRestServiceServerResetTestExecutionListener@297bb7f8, org.springframework.boot.test.autoconfigure.web.servlet.MockMvcPrintOnlyOnFailureTestExecutionListener@616aa15e, org.springframework.boot.test.autoconfigure.web.servlet.WebDriverTestExecutionListener@7c13f22c, org.springframework.boot.test.autoconfigure.webservices.client.MockWebServiceServerTestExecutionListener@2074b447, org.springframework.boot.test.mock.mockito.ResetMocksTestExecutionListener@544403c6]
23:33:17.937 [Test worker] DEBUG org.springframework.test.context.support.AbstractDirtiesContextTestExecutionListener - Before test class: context [DefaultTestContext@26232c63 testClass = HelloControllerTest, testInstance = [null], testMethod = [null], testException = [null], mergedContextConfiguration = [WebMergedContextConfiguration@733ca60c testClass = HelloControllerTest, locations = '{}', classes = '{class com.kkirby.springboot.Application}', contextInitializerClasses = '[]', activeProfiles = '{}', propertySourceLocations = '{}', propertySourceProperties = '{org.springframework.boot.test.autoconfigure.web.servlet.WebMvcTestContextBootstrapper=true}', contextCustomizers = set[org.springframework.boot.test.autoconfigure.OverrideAutoConfigurationContextCustomizerFactory$DisableAutoConfigurationContextCustomizer@42faba35, org.springframework.boot.test.autoconfigure.actuate.metrics.MetricsExportContextCustomizerFactory$DisableMetricExportContextCustomizer@2d48bdd9, org.springframework.boot.test.autoconfigure.filter.TypeExcludeFiltersContextCustomizer@b96c779a, org.springframework.boot.test.autoconfigure.properties.PropertyMappingContextCustomizer@14dd0044, org.springframework.boot.test.autoconfigure.web.servlet.WebDriverContextCustomizerFactory$Customizer@69c05e71, [ImportsContextCustomizer@6aa41ea3 key = [org.springframework.boot.autoconfigure.cache.CacheAutoConfiguration, org.springframework.boot.autoconfigure.context.MessageSourceAutoConfiguration, org.springframework.boot.autoconfigure.data.web.SpringDataWebAutoConfiguration, org.springframework.boot.autoconfigure.freemarker.FreeMarkerAutoConfiguration, org.springframework.boot.autoconfigure.groovy.template.GroovyTemplateAutoConfiguration, org.springframework.boot.autoconfigure.gson.GsonAutoConfiguration, org.springframework.boot.autoconfigure.hateoas.HypermediaAutoConfiguration, org.springframework.boot.autoconfigure.http.HttpMessageConvertersAutoConfiguration, org.springframework.boot.autoconfigure.jackson.JacksonAutoConfiguration, org.springframework.boot.autoconfigure.jsonb.JsonbAutoConfiguration, org.springframework.boot.autoconfigure.mustache.MustacheAutoConfiguration, org.springframework.boot.autoconfigure.task.TaskExecutionAutoConfiguration, org.springframework.boot.autoconfigure.thymeleaf.ThymeleafAutoConfiguration, org.springframework.boot.autoconfigure.validation.ValidationAutoConfiguration, org.springframework.boot.autoconfigure.web.servlet.error.ErrorMvcAutoConfiguration, org.springframework.boot.autoconfigure.web.servlet.HttpEncodingAutoConfiguration, org.springframework.boot.autoconfigure.web.servlet.WebMvcAutoConfiguration, org.springframework.boot.test.autoconfigure.web.servlet.MockMvcAutoConfiguration, org.springframework.boot.test.autoconfigure.web.servlet.MockMvcWebClientAutoConfiguration, org.springframework.boot.test.autoconfigure.web.servlet.MockMvcWebDriverAutoConfiguration, org.springframework.boot.autoconfigure.security.oauth2.client.servlet.OAuth2ClientAutoConfiguration, org.springframework.boot.autoconfigure.security.oauth2.resource.servlet.OAuth2ResourceServerAutoConfiguration, org.springframework.boot.autoconfigure.security.servlet.SecurityAutoConfiguration, org.springframework.boot.autoconfigure.security.servlet.SecurityFilterAutoConfiguration, org.springframework.boot.autoconfigure.security.servlet.UserDetailsServiceAutoConfiguration, org.springframework.boot.test.autoconfigure.web.servlet.MockMvcSecurityConfiguration, org.springframework.boot.test.autoconfigure.web.reactive.WebTestClientAutoConfiguration]], org.springframework.boot.test.context.filter.ExcludeFilterContextCustomizer@2cdb8dbe, org.springframework.boot.test.json.DuplicateJsonObjectContextCustomizerFactory$DuplicateJsonObjectContextCustomizer@5346c971, org.springframework.boot.test.mock.mockito.MockitoContextCustomizer@0, org.springframework.boot.test.context.SpringBootTestArgs@1, org.springframework.boot.test.context.SpringBootTestWebEnvironment@0], resourceBasePath = 'src/main/webapp', contextLoader = 'org.springframework.boot.test.context.SpringBootContextLoader', parent = [null]], attributes = map[[empty]]], class annotated with @DirtiesContext [false] with mode [null].
23:33:17.951 [Test worker] DEBUG org.springframework.test.context.support.DependencyInjectionTestExecutionListener - Performing dependency injection for test context [[DefaultTestContext@26232c63 testClass = HelloControllerTest, testInstance = com.kkirby.springboot.web.HelloControllerTest@5a139905, testMethod = [null], testException = [null], mergedContextConfiguration = [WebMergedContextConfiguration@733ca60c testClass = HelloControllerTest, locations = '{}', classes = '{class com.kkirby.springboot.Application}', contextInitializerClasses = '[]', activeProfiles = '{}', propertySourceLocations = '{}', propertySourceProperties = '{org.springframework.boot.test.autoconfigure.web.servlet.WebMvcTestContextBootstrapper=true}', contextCustomizers = set[org.springframework.boot.test.autoconfigure.OverrideAutoConfigurationContextCustomizerFactory$DisableAutoConfigurationContextCustomizer@42faba35, org.springframework.boot.test.autoconfigure.actuate.metrics.MetricsExportContextCustomizerFactory$DisableMetricExportContextCustomizer@2d48bdd9, org.springframework.boot.test.autoconfigure.filter.TypeExcludeFiltersContextCustomizer@b96c779a, org.springframework.boot.test.autoconfigure.properties.PropertyMappingContextCustomizer@14dd0044, org.springframework.boot.test.autoconfigure.web.servlet.WebDriverContextCustomizerFactory$Customizer@69c05e71, [ImportsContextCustomizer@6aa41ea3 key = [org.springframework.boot.autoconfigure.cache.CacheAutoConfiguration, org.springframework.boot.autoconfigure.context.MessageSourceAutoConfiguration, org.springframework.boot.autoconfigure.data.web.SpringDataWebAutoConfiguration, org.springframework.boot.autoconfigure.freemarker.FreeMarkerAutoConfiguration, org.springframework.boot.autoconfigure.groovy.template.GroovyTemplateAutoConfiguration, org.springframework.boot.autoconfigure.gson.GsonAutoConfiguration, org.springframework.boot.autoconfigure.hateoas.HypermediaAutoConfiguration, org.springframework.boot.autoconfigure.http.HttpMessageConvertersAutoConfiguration, org.springframework.boot.autoconfigure.jackson.JacksonAutoConfiguration, org.springframework.boot.autoconfigure.jsonb.JsonbAutoConfiguration, org.springframework.boot.autoconfigure.mustache.MustacheAutoConfiguration, org.springframework.boot.autoconfigure.task.TaskExecutionAutoConfiguration, org.springframework.boot.autoconfigure.thymeleaf.ThymeleafAutoConfiguration, org.springframework.boot.autoconfigure.validation.ValidationAutoConfiguration, org.springframework.boot.autoconfigure.web.servlet.error.ErrorMvcAutoConfiguration, org.springframework.boot.autoconfigure.web.servlet.HttpEncodingAutoConfiguration, org.springframework.boot.autoconfigure.web.servlet.WebMvcAutoConfiguration, org.springframework.boot.test.autoconfigure.web.servlet.MockMvcAutoConfiguration, org.springframework.boot.test.autoconfigure.web.servlet.MockMvcWebClientAutoConfiguration, org.springframework.boot.test.autoconfigure.web.servlet.MockMvcWebDriverAutoConfiguration, org.springframework.boot.autoconfigure.security.oauth2.client.servlet.OAuth2ClientAutoConfiguration, org.springframework.boot.autoconfigure.security.oauth2.resource.servlet.OAuth2ResourceServerAutoConfiguration, org.springframework.boot.autoconfigure.security.servlet.SecurityAutoConfiguration, org.springframework.boot.autoconfigure.security.servlet.SecurityFilterAutoConfiguration, org.springframework.boot.autoconfigure.security.servlet.UserDetailsServiceAutoConfiguration, org.springframework.boot.test.autoconfigure.web.servlet.MockMvcSecurityConfiguration, org.springframework.boot.test.autoconfigure.web.reactive.WebTestClientAutoConfiguration]], org.springframework.boot.test.context.filter.ExcludeFilterContextCustomizer@2cdb8dbe, org.springframework.boot.test.json.DuplicateJsonObjectContextCustomizerFactory$DuplicateJsonObjectContextCustomizer@5346c971, org.springframework.boot.test.mock.mockito.MockitoContextCustomizer@0, org.springframework.boot.test.context.SpringBootTestArgs@1, org.springframework.boot.test.context.SpringBootTestWebEnvironment@0], resourceBasePath = 'src/main/webapp', contextLoader = 'org.springframework.boot.test.context.SpringBootContextLoader', parent = [null]], attributes = map['org.springframework.test.context.event.ApplicationEventsTestExecutionListener.recordApplicationEvents' -> false]]].

  .   ____          _            __ _ _
 /\\ / ___'_ __ _ _(_)_ __  __ _ \ \ \ \
( ( )\___ | '_ | '_| | '_ \/ _` | \ \ \ \
 \\/  ___)| |_)| | | | | || (_| |  ) ) ) )
  '  |____| .__|_| |_|_| |_\__, | / / / /
 =========|_|==============|___/=/_/_/_/
 :: Spring Boot ::                (v2.7.1)

2022-08-18 23:33:18.645  INFO 16832 --- [    Test worker] c.k.springboot.web.HelloControllerTest   : Starting HelloControllerTest using Java 11.0.13 on DESKTOP-HPIPUK4 with PID 16832 (started by User in C:\Git\SpringStudy\springboot-web)
2022-08-18 23:33:18.648  INFO 16832 --- [    Test worker] c.k.springboot.web.HelloControllerTest   : The following 1 profile is active: "oauth"
2022-08-18 23:33:21.081  INFO 16832 --- [    Test worker] o.s.b.a.w.s.WelcomePageHandlerMapping    : Adding welcome page template: index
2022-08-18 23:33:22.525  INFO 16832 --- [    Test worker] o.s.s.web.DefaultSecurityFilterChain     : Will secure any request with [org.springframework.security.web.session.DisableEncodeUrlFilter@53cb219c, org.springframework.security.web.context.request.async.WebAsyncManagerIntegrationFilter@24fa893c, org.springframework.security.web.context.SecurityContextPersistenceFilter@6c6dd74d, org.springframework.security.web.header.HeaderWriterFilter@446ababa, org.springframework.security.web.csrf.CsrfFilter@16376331, org.springframework.security.web.authentication.logout.LogoutFilter@38b39e2, org.springframework.security.oauth2.client.web.OAuth2AuthorizationRequestRedirectFilter@35339efc, org.springframework.security.oauth2.client.web.OAuth2AuthorizationRequestRedirectFilter@35ff86c3, org.springframework.security.oauth2.client.web.OAuth2LoginAuthenticationFilter@5834f071, org.springframework.security.web.authentication.ui.DefaultLoginPageGeneratingFilter@497a82dd, org.springframework.security.web.authentication.ui.DefaultLogoutPageGeneratingFilter@1855e841, org.springframework.security.web.savedrequest.RequestCacheAwareFilter@70eb308b, org.springframework.security.web.servletapi.SecurityContextHolderAwareRequestFilter@723e5664, org.springframework.security.web.authentication.AnonymousAuthenticationFilter@31eb7dc2, org.springframework.security.oauth2.client.web.OAuth2AuthorizationCodeGrantFilter@26235614, org.springframework.security.web.session.SessionManagementFilter@3c026ac3, org.springframework.security.web.access.ExceptionTranslationFilter@46c20f3e, org.springframework.security.web.access.intercept.FilterSecurityInterceptor@3853694]
2022-08-18 23:33:22.748  INFO 16832 --- [    Test worker] o.s.b.t.m.w.SpringBootMockServletContext : Initializing Spring TestDispatcherServlet ''
2022-08-18 23:33:22.748  INFO 16832 --- [    Test worker] o.s.t.web.servlet.TestDispatcherServlet  : Initializing Servlet ''
2022-08-18 23:33:22.750  INFO 16832 --- [    Test worker] o.s.t.web.servlet.TestDispatcherServlet  : Completed initialization in 2 ms
2022-08-18 23:33:22.798  INFO 16832 --- [    Test worker] c.k.springboot.web.HelloControllerTest   : Started HelloControllerTest in 4.803 seconds (JVM running for 6.65)
]]></system-out>
  <system-err><![CDATA[]]></system-err>
</testsuite>
